#
# There is insufficient memory for the Java Runtime Environment to continue.
# Native memory allocation (malloc) failed to allocate 32744 bytes for ChunkPool::allocate
# Possible reasons:
#   The system is out of physical RAM or swap space
#   The process is running with CompressedOops enabled, and the Java Heap may be blocking the growth of the native heap
# Possible solutions:
#   Reduce memory load on the system
#   Increase physical memory or swap space
#   Check if swap backing store is full
#   Decrease Java heap size (-Xmx/-Xms)
#   Decrease number of Java threads
Out of Memory Error (arena.cpp:78), pid=29432, tid=27688
#
# JRE version: OpenJDK Runtime Environment Temurin-17.0.8.1+1 (17.0.8.1+1) (build 17.0.8.1+1)
# Java VM: OpenJDK 64-Bit Server VM Temurin-17.0.8.1+1 (17.0.8.1+1, mixed mode, tiered, compressed oops, compressed class ptrs, g1 gc, windows-amd64)
# No core dump will be written. Minidumps are not enabled by default on client versions of Windows
#

---------------  S U M M A R Y ------------

Command Line: -Dfile.encoding=UTF-8 -Dstdout.encoding=UTF-8 -Dstderr.encoding=UTF-8 -XX:+ShowCodeDetailsInExceptionMessages xpath.HoverOver_Assignment2

Host: Intel(R) Core(TM) i3-2330M CPU @ 2.20GHz, 4 cores, 7G,  Windows 10 , 64 bit Build 19041 (10.0.19041.4957)
Time: Thu Oct 17 18:20:53 2024 Central Daylight Time elapsed time: 152.511958 seconds (0d 0h 2m 32s)

---------------  T H R E A D  ---------------

Current thread (0x0000026844801a30):  JavaThread "C1 CompilerThread0" daemon [_thread_in_native, id=27688, stack(0x000000757f900000,0x000000757fa00000)]


Current CompileTask:
C1: 152512 1870   !   3       jdk.internal.net.http.HttpClientImpl::purgeTimeoutsAndReturnNextDeadline (326 bytes)

Stack: [0x000000757f900000,0x000000757fa00000]
Native frames: (J=compiled Java code, j=interpreted, Vv=VM code, C=native code)
V  [jvm.dll+0x678b0a]
V  [jvm.dll+0x835e84]
V  [jvm.dll+0x83762e]
V  [jvm.dll+0x837c93]
V  [jvm.dll+0x24746f]
V  [jvm.dll+0xac42c]
V  [jvm.dll+0xac7dc]
V  [jvm.dll+0x184367]
V  [jvm.dll+0x185510]
V  [jvm.dll+0x13566b]
V  [jvm.dll+0x135830]
V  [jvm.dll+0x135af6]
V  [jvm.dll+0x134f8a]
V  [jvm.dll+0x136c51]
V  [jvm.dll+0x228d8a]
V  [jvm.dll+0x226dcc]
V  [jvm.dll+0x7ec09b]
V  [jvm.dll+0x7e64ca]
V  [jvm.dll+0x677955]
C  [ucrtbase.dll+0x21bb2]
C  [KERNEL32.DLL+0x17374]
C  [ntdll.dll+0x4cc91]


---------------  P R O C E S S  ---------------

Threads class SMR info:
_java_thread_list=0x000002684a4b9e20, length=17, elements={
0x00000268447c93d0, 0x00000268447d0420, 0x00000268447cafc0, 0x00000268447cdca0,
0x00000268447ce570, 0x00000268447f8510, 0x0000026844801120, 0x0000026844801a30,
0x0000026844814b10, 0x0000026844975b40, 0x0000026844994030, 0x0000026849b77fc0,
0x00000268497c1de0, 0x00000268497fe960, 0x0000026849b7a630, 0x0000026849c13de0,
0x0000026849c16660
}

Java Threads: ( => current thread )
  0x00000268447c93d0 JavaThread "Reference Handler" daemon [_thread_blocked, id=21336, stack(0x000000757f200000,0x000000757f300000)]
  0x00000268447d0420 JavaThread "Finalizer" daemon [_thread_blocked, id=17212, stack(0x000000757f300000,0x000000757f400000)]
  0x00000268447cafc0 JavaThread "Signal Dispatcher" daemon [_thread_blocked, id=17028, stack(0x000000757f400000,0x000000757f500000)]
  0x00000268447cdca0 JavaThread "Attach Listener" daemon [_thread_blocked, id=31372, stack(0x000000757f500000,0x000000757f600000)]
  0x00000268447ce570 JavaThread "Service Thread" daemon [_thread_blocked, id=31596, stack(0x000000757f600000,0x000000757f700000)]
  0x00000268447f8510 JavaThread "Monitor Deflation Thread" daemon [_thread_blocked, id=1632, stack(0x000000757f700000,0x000000757f800000)]
  0x0000026844801120 JavaThread "C2 CompilerThread0" daemon [_thread_blocked, id=32372, stack(0x000000757f800000,0x000000757f900000)]
=>0x0000026844801a30 JavaThread "C1 CompilerThread0" daemon [_thread_in_native, id=27688, stack(0x000000757f900000,0x000000757fa00000)]
  0x0000026844814b10 JavaThread "Sweeper thread" daemon [_thread_blocked, id=32312, stack(0x000000757fa00000,0x000000757fb00000)]
  0x0000026844975b40 JavaThread "Notification Thread" daemon [_thread_blocked, id=28456, stack(0x000000757fb00000,0x000000757fc00000)]
  0x0000026844994030 JavaThread "Common-Cleaner" daemon [_thread_blocked, id=20684, stack(0x000000757fd00000,0x000000757fe00000)]
  0x0000026849b77fc0 JavaThread "HttpClient-1-SelectorManager" daemon [_thread_in_native, id=28160, stack(0x0000007500200000,0x0000007500300000)]
  0x00000268497c1de0 JavaThread "External Process Output Forwarder - C:\Users\sony\.cache\selenium\chromedriver\win64\129.0.6668.100\chromedriver.exe" [_thread_in_native, id=10364, stack(0x0000007500300000,0x0000007500400000)]
  0x00000268497fe960 JavaThread "Driver Service Executor" daemon [_thread_blocked, id=20560, stack(0x0000007500400000,0x0000007500500000)]
  0x0000026849b7a630 JavaThread "Driver Service Executor" daemon [_thread_blocked, id=29576, stack(0x0000007500500000,0x0000007500600000)]
  0x0000026849c13de0 JavaThread "HttpClient-2-SelectorManager" daemon [_thread_in_native, id=27816, stack(0x0000007500800000,0x0000007500900000)]
  0x0000026849c16660 JavaThread "DestroyJavaVM" [_thread_blocked, id=3652, stack(0x000000757eb00000,0x000000757ec00000)]

Other Threads:
  0x00000268447b5700 VMThread "VM Thread" [stack: 0x000000757f100000,0x000000757f200000] [id=22872]
  0x000002682910ad00 WatcherThread [stack: 0x000000757fc00000,0x000000757fd00000] [id=26504]
  0x00000268290ed760 GCTaskThread "GC Thread#0" [stack: 0x000000757ec00000,0x000000757ed00000] [id=31440]
  0x00000268494789e0 GCTaskThread "GC Thread#1" [stack: 0x000000757ff00000,0x0000007580000000] [id=7352]
  0x0000026849482d30 GCTaskThread "GC Thread#2" [stack: 0x0000007500000000,0x0000007500100000] [id=3912]
  0x0000026849710950 GCTaskThread "GC Thread#3" [stack: 0x0000007500100000,0x0000007500200000] [id=17592]
  0x00000268290fedd0 ConcurrentGCThread "G1 Main Marker" [stack: 0x000000757ed00000,0x000000757ee00000] [id=31268]
  0x00000268290ff7e0 ConcurrentGCThread "G1 Conc#0" [stack: 0x000000757ee00000,0x000000757ef00000] [id=31264]
  0x0000026829146d00 ConcurrentGCThread "G1 Refine#0" [stack: 0x000000757ef00000,0x000000757f000000] [id=24900]
  0x0000026844603730 ConcurrentGCThread "G1 Service" [stack: 0x000000757f000000,0x000000757f100000] [id=31892]

Threads with active compile tasks:
C1 CompilerThread0   153679 1870   !   3       jdk.internal.net.http.HttpClientImpl::purgeTimeoutsAndReturnNextDeadline (326 bytes)

VM state: not at safepoint (normal execution)

VM Mutex/Monitor currently owned by a thread: None

Heap address: 0x0000000080400000, size: 2044 MB, Compressed Oops mode: 32-bit

CDS archive(s) not mapped
Compressed class space mapped at: 0x0000000100000000-0x0000000140000000, reserved size: 1073741824
Narrow klass base: 0x0000000000000000, Narrow klass shift: 3, Narrow klass range: 0x140000000

GC Precious Log:
 CPUs: 4 total, 4 available
 Memory: 8173M
 Large Page Support: Disabled
 NUMA Support: Disabled
 Compressed Oops: Enabled (32-bit)
 Heap Region Size: 1M
 Heap Min Capacity: 8M
 Heap Initial Capacity: 128M
 Heap Max Capacity: 2044M
 Pre-touch: Disabled
 Parallel Workers: 4
 Concurrent Workers: 1
 Concurrent Refinement Workers: 4
 Periodic GC: Disabled

Heap:
 garbage-first heap   total 58368K, used 19251K [0x0000000080400000, 0x0000000100000000)
  region size 1024K, 7 young (7168K), 2 survivors (2048K)
 Metaspace       used 21955K, committed 22208K, reserved 1114112K
  class space    used 2405K, committed 2496K, reserved 1048576K

Heap Regions: E=young(eden), S=young(survivor), O=old, HS=humongous(starts), HC=humongous(continues), CS=collection set, F=free, OA=open archive, CA=closed archive, TAMS=top-at-mark-start (previous, next)
|   0|0x0000000080400000, 0x0000000080500000, 0x0000000080500000|100%|HS|  |TAMS 0x0000000080500000, 0x0000000080400000| Complete 
|   1|0x0000000080500000, 0x0000000080600000, 0x0000000080600000|100%|HC|  |TAMS 0x0000000080600000, 0x0000000080500000| Complete 
|   2|0x0000000080600000, 0x0000000080700000, 0x0000000080700000|100%|HC|  |TAMS 0x0000000080700000, 0x0000000080600000| Complete 
|   3|0x0000000080700000, 0x0000000080800000, 0x0000000080800000|100%|HS|  |TAMS 0x0000000080800000, 0x0000000080700000| Complete 
|   4|0x0000000080800000, 0x0000000080900000, 0x0000000080900000|100%|HS|  |TAMS 0x0000000080900000, 0x0000000080800000| Complete 
|   5|0x0000000080900000, 0x0000000080a00000, 0x0000000080a00000|100%|HC|  |TAMS 0x0000000080a00000, 0x0000000080900000| Complete 
|   6|0x0000000080a00000, 0x0000000080b00000, 0x0000000080b00000|100%| O|  |TAMS 0x0000000080b00000, 0x0000000080a00000| Untracked 
|   7|0x0000000080b00000, 0x0000000080c00000, 0x0000000080c00000|100%| O|  |TAMS 0x0000000080c00000, 0x0000000080b00000| Untracked 
|   8|0x0000000080c00000, 0x0000000080d00000, 0x0000000080d00000|100%| O|  |TAMS 0x0000000080d00000, 0x0000000080c00000| Untracked 
|   9|0x0000000080d00000, 0x0000000080e00000, 0x0000000080e00000|100%| O|  |TAMS 0x0000000080e00000, 0x0000000080d00000| Untracked 
|  10|0x0000000080e00000, 0x0000000080f00000, 0x0000000080f00000|100%| O|  |TAMS 0x0000000080f00000, 0x0000000080e00000| Untracked 
|  11|0x0000000080f00000, 0x0000000081000000, 0x0000000081000000|100%| O|  |TAMS 0x0000000080f3ce00, 0x0000000080f00000| Untracked 
|  12|0x0000000081000000, 0x0000000081100000, 0x0000000081100000|100%| O|  |TAMS 0x0000000081000000, 0x0000000081000000| Untracked 
|  13|0x0000000081100000, 0x0000000081147800, 0x0000000081200000| 27%| O|  |TAMS 0x0000000081100000, 0x0000000081100000| Untracked 
|  14|0x0000000081200000, 0x0000000081200000, 0x0000000081300000|  0%| F|  |TAMS 0x0000000081200000, 0x0000000081200000| Untracked 
|  15|0x0000000081300000, 0x0000000081300000, 0x0000000081400000|  0%| F|  |TAMS 0x0000000081300000, 0x0000000081300000| Untracked 
|  16|0x0000000081400000, 0x0000000081400000, 0x0000000081500000|  0%| F|  |TAMS 0x0000000081400000, 0x0000000081400000| Untracked 
|  17|0x0000000081500000, 0x0000000081500000, 0x0000000081600000|  0%| F|  |TAMS 0x0000000081500000, 0x0000000081500000| Untracked 
|  18|0x0000000081600000, 0x0000000081600000, 0x0000000081700000|  0%| F|  |TAMS 0x0000000081600000, 0x0000000081600000| Untracked 
|  19|0x0000000081700000, 0x0000000081700000, 0x0000000081800000|  0%| F|  |TAMS 0x0000000081700000, 0x0000000081700000| Untracked 
|  20|0x0000000081800000, 0x0000000081800000, 0x0000000081900000|  0%| F|  |TAMS 0x0000000081800000, 0x0000000081800000| Untracked 
|  21|0x0000000081900000, 0x0000000081900000, 0x0000000081a00000|  0%| F|  |TAMS 0x0000000081900000, 0x0000000081900000| Untracked 
|  22|0x0000000081a00000, 0x0000000081a00000, 0x0000000081b00000|  0%| F|  |TAMS 0x0000000081a00000, 0x0000000081a00000| Untracked 
|  23|0x0000000081b00000, 0x0000000081b00000, 0x0000000081c00000|  0%| F|  |TAMS 0x0000000081b00000, 0x0000000081b00000| Untracked 
|  24|0x0000000081c00000, 0x0000000081c00000, 0x0000000081d00000|  0%| F|  |TAMS 0x0000000081c00000, 0x0000000081c00000| Untracked 
|  25|0x0000000081d00000, 0x0000000081d00000, 0x0000000081e00000|  0%| F|  |TAMS 0x0000000081d00000, 0x0000000081d00000| Untracked 
|  26|0x0000000081e00000, 0x0000000081e00000, 0x0000000081f00000|  0%| F|  |TAMS 0x0000000081e00000, 0x0000000081e00000| Untracked 
|  27|0x0000000081f00000, 0x0000000081f00000, 0x0000000082000000|  0%| F|  |TAMS 0x0000000081f00000, 0x0000000081f00000| Untracked 
|  28|0x0000000082000000, 0x0000000082000000, 0x0000000082100000|  0%| F|  |TAMS 0x0000000082000000, 0x0000000082000000| Untracked 
|  29|0x0000000082100000, 0x0000000082100000, 0x0000000082200000|  0%| F|  |TAMS 0x0000000082100000, 0x0000000082100000| Untracked 
|  30|0x0000000082200000, 0x0000000082200000, 0x0000000082300000|  0%| F|  |TAMS 0x0000000082200000, 0x0000000082200000| Untracked 
|  31|0x0000000082300000, 0x0000000082300000, 0x0000000082400000|  0%| F|  |TAMS 0x0000000082300000, 0x0000000082300000| Untracked 
|  32|0x0000000082400000, 0x0000000082400000, 0x0000000082500000|  0%| F|  |TAMS 0x0000000082400000, 0x0000000082400000| Untracked 
|  33|0x0000000082500000, 0x0000000082500000, 0x0000000082600000|  0%| F|  |TAMS 0x0000000082500000, 0x0000000082500000| Untracked 
|  34|0x0000000082600000, 0x0000000082600000, 0x0000000082700000|  0%| F|  |TAMS 0x0000000082600000, 0x0000000082600000| Untracked 
|  35|0x0000000082700000, 0x0000000082700000, 0x0000000082800000|  0%| F|  |TAMS 0x0000000082700000, 0x0000000082700000| Untracked 
|  36|0x0000000082800000, 0x0000000082800000, 0x0000000082900000|  0%| F|  |TAMS 0x0000000082800000, 0x0000000082800000| Untracked 
|  37|0x0000000082900000, 0x0000000082900000, 0x0000000082a00000|  0%| F|  |TAMS 0x0000000082900000, 0x0000000082900000| Untracked 
|  38|0x0000000082a00000, 0x0000000082a00000, 0x0000000082b00000|  0%| F|  |TAMS 0x0000000082a00000, 0x0000000082a00000| Untracked 
|  39|0x0000000082b00000, 0x0000000082b00000, 0x0000000082c00000|  0%| F|  |TAMS 0x0000000082b00000, 0x0000000082b00000| Untracked 
|  40|0x0000000082c00000, 0x0000000082c00000, 0x0000000082d00000|  0%| F|  |TAMS 0x0000000082c00000, 0x0000000082c00000| Untracked 
|  41|0x0000000082d00000, 0x0000000082d00000, 0x0000000082e00000|  0%| F|  |TAMS 0x0000000082d00000, 0x0000000082d00000| Untracked 
|  42|0x0000000082e00000, 0x0000000082e00000, 0x0000000082f00000|  0%| F|  |TAMS 0x0000000082e00000, 0x0000000082e00000| Untracked 
|  43|0x0000000082f00000, 0x0000000082f00000, 0x0000000083000000|  0%| F|  |TAMS 0x0000000082f00000, 0x0000000082f00000| Untracked 
|  44|0x0000000083000000, 0x0000000083000000, 0x0000000083100000|  0%| F|  |TAMS 0x0000000083000000, 0x0000000083000000| Untracked 
|  45|0x0000000083100000, 0x0000000083100000, 0x0000000083200000|  0%| F|  |TAMS 0x0000000083100000, 0x0000000083100000| Untracked 
|  46|0x0000000083200000, 0x0000000083200000, 0x0000000083300000|  0%| F|  |TAMS 0x0000000083200000, 0x0000000083200000| Untracked 
|  47|0x0000000083300000, 0x0000000083300000, 0x0000000083400000|  0%| F|  |TAMS 0x0000000083300000, 0x0000000083300000| Untracked 
|  48|0x0000000083400000, 0x0000000083400000, 0x0000000083500000|  0%| F|  |TAMS 0x0000000083400000, 0x0000000083400000| Untracked 
|  49|0x0000000083500000, 0x0000000083500000, 0x0000000083600000|  0%| F|  |TAMS 0x0000000083500000, 0x0000000083500000| Untracked 
|  50|0x0000000083600000, 0x000000008366eca0, 0x0000000083700000| 43%| E|  |TAMS 0x0000000083600000, 0x0000000083600000| Complete 
|  51|0x0000000083700000, 0x0000000083800000, 0x0000000083800000|100%| E|CS|TAMS 0x0000000083700000, 0x0000000083700000| Complete 
|  52|0x0000000083800000, 0x0000000083900000, 0x0000000083900000|100%| E|CS|TAMS 0x0000000083800000, 0x0000000083800000| Complete 
|  53|0x0000000083900000, 0x0000000083a00000, 0x0000000083a00000|100%| E|CS|TAMS 0x0000000083900000, 0x0000000083900000| Complete 
| 108|0x0000000087000000, 0x0000000087085550, 0x0000000087100000| 52%| S|CS|TAMS 0x0000000087000000, 0x0000000087000000| Complete 
| 109|0x0000000087100000, 0x0000000087200000, 0x0000000087200000|100%| S|CS|TAMS 0x0000000087100000, 0x0000000087100000| Complete 
| 127|0x0000000088300000, 0x0000000088400000, 0x0000000088400000|100%| E|CS|TAMS 0x0000000088300000, 0x0000000088300000| Complete 

Card table byte_map: [0x000002683d950000,0x000002683dd50000] _byte_map_base: 0x000002683d54e000

Marking Bits (Prev, Next): (CMBitMap*) 0x00000268290eddc0, (CMBitMap*) 0x00000268290edd80
 Prev Bits: [0x0000026840140000, 0x0000026842130000)
 Next Bits: [0x000002683e150000, 0x0000026840140000)

Polling page: 0x0000026828e60000

Metaspace:

Usage:
  Non-class:     19.09 MB used.
      Class:      2.35 MB used.
       Both:     21.44 MB used.

Virtual space:
  Non-class space:       64.00 MB reserved,      19.25 MB ( 30%) committed,  1 nodes.
      Class space:        1.00 GB reserved,       2.44 MB ( <1%) committed,  1 nodes.
             Both:        1.06 GB reserved,      21.69 MB (  2%) committed. 

Chunk freelists:
   Non-Class:  12.35 MB
       Class:  13.51 MB
        Both:  25.86 MB

MaxMetaspaceSize: unlimited
CompressedClassSpaceSize: 1.00 GB
Initial GC threshold: 21.00 MB
Current GC threshold: 35.12 MB
CDS: off
MetaspaceReclaimPolicy: balanced
 - commit_granule_bytes: 65536.
 - commit_granule_words: 8192.
 - virtual_space_node_default_size: 8388608.
 - enlarge_chunks_in_place: 1.
 - new_chunks_are_fully_committed: 0.
 - uncommit_free_chunks: 1.
 - use_allocation_guard: 0.
 - handle_deallocations: 1.


Internal statistics:

num_allocs_failed_limit: 3.
num_arena_births: 234.
num_arena_deaths: 0.
num_vsnodes_births: 2.
num_vsnodes_deaths: 0.
num_space_committed: 347.
num_space_uncommitted: 0.
num_chunks_returned_to_freelist: 3.
num_chunks_taken_from_freelist: 564.
num_chunk_merges: 0.
num_chunk_splits: 338.
num_chunks_enlarged: 225.
num_inconsistent_stats: 0.

CodeHeap 'non-profiled nmethods': size=120000Kb used=566Kb max_used=566Kb free=119433Kb
 bounds [0x0000026835a00000, 0x0000026835c70000, 0x000002683cf30000]
CodeHeap 'profiled nmethods': size=120000Kb used=3498Kb max_used=3498Kb free=116501Kb
 bounds [0x000002682df30000, 0x000002682e2a0000, 0x0000026835460000]
CodeHeap 'non-nmethods': size=5760Kb used=1232Kb max_used=1273Kb free=4527Kb
 bounds [0x0000026835460000, 0x00000268356d0000, 0x0000026835a00000]
 total_blobs=2403 nmethods=1869 adapters=446
 compilation: enabled
              stopped_count=0, restarted_count=0
 full_count=0

Compilation events (20 events):
Event: 85.804 Thread 0x0000026844801a30 nmethod 1860 0x000002682e297190 code [0x000002682e297320, 0x000002682e297458]
Event: 86.023 Thread 0x0000026844801a30 1861       1       java.util.LinkedList::size (5 bytes)
Event: 86.023 Thread 0x0000026844801a30 nmethod 1861 0x0000026835a8d390 code [0x0000026835a8d520, 0x0000026835a8d5f8]
Event: 101.069 Thread 0x0000026844801a30 1862       1       jdk.internal.net.http.ConnectionPool$ExpiryList::purgeMaybeRequired (5 bytes)
Event: 101.069 Thread 0x0000026844801a30 nmethod 1862 0x0000026835a8d690 code [0x0000026835a8d820, 0x0000026835a8d8f8]
Event: 119.122 Thread 0x0000026844801a30 1863       3       java.nio.channels.spi.AbstractSelector::isOpen (13 bytes)
Event: 119.122 Thread 0x0000026844801a30 nmethod 1863 0x000002682e297510 code [0x000002682e2976a0, 0x000002682e297818]
Event: 125.142 Thread 0x0000026844801a30 1864       3       sun.nio.ch.SelectorImpl::ensureOpen (16 bytes)
Event: 125.142 Thread 0x0000026844801a30 nmethod 1864 0x000002682e297890 code [0x000002682e297a40, 0x000002682e297cc8]
Event: 125.142 Thread 0x0000026844801a30 1865       3       java.util.AbstractMap::isEmpty (13 bytes)
Event: 125.142 Thread 0x0000026844801a30 nmethod 1865 0x000002682e297d90 code [0x000002682e297f40, 0x000002682e298168]
Event: 131.158 Thread 0x0000026844801a30 1866   !   3       sun.nio.ch.SelectorImpl::processDeregisterQueue (145 bytes)
Event: 131.161 Thread 0x0000026844801a30 nmethod 1866 0x000002682e298210 code [0x000002682e2984a0, 0x000002682e299458]
Event: 134.169 Thread 0x0000026844801a30 1867   !   3       java.lang.Thread::blockedOn (27 bytes)
Event: 134.170 Thread 0x0000026844801a30 nmethod 1867 0x000002682e299b10 code [0x000002682e299cc0, 0x000002682e299f18]
Event: 134.170 Thread 0x0000026844801a30 1868       3       java.nio.channels.spi.AbstractInterruptibleChannel::blockedOn (10 bytes)
Event: 134.171 Thread 0x0000026844801a30 nmethod 1868 0x000002682e29a010 code [0x000002682e29a1c0, 0x000002682e29a3e8]
Event: 149.207 Thread 0x0000026844801a30 1869       3       jdk.internal.net.http.HttpClientImpl::facade (11 bytes)
Event: 149.207 Thread 0x0000026844801a30 nmethod 1869 0x000002682e29a510 code [0x000002682e29a6c0, 0x000002682e29a978]
Event: 152.222 Thread 0x0000026844801a30 1870   !   3       jdk.internal.net.http.HttpClientImpl::purgeTimeoutsAndReturnNextDeadline (326 bytes)

GC Heap History (6 events):
Event: 3.324 GC heap before
{Heap before GC invocations=0 (full 0):
 garbage-first heap   total 131072K, used 19456K [0x0000000080400000, 0x0000000100000000)
  region size 1024K, 13 young (13312K), 0 survivors (0K)
 Metaspace       used 11197K, committed 11392K, reserved 1114112K
  class space    used 1113K, committed 1216K, reserved 1048576K
}
Event: 3.333 GC heap after
{Heap after GC invocations=1 (full 0):
 garbage-first heap   total 131072K, used 11424K [0x0000000080400000, 0x0000000100000000)
  region size 1024K, 2 young (2048K), 2 survivors (2048K)
 Metaspace       used 11197K, committed 11392K, reserved 1114112K
  class space    used 1113K, committed 1216K, reserved 1048576K
}
Event: 4.893 GC heap before
{Heap before GC invocations=1 (full 0):
 garbage-first heap   total 131072K, used 22688K [0x0000000080400000, 0x0000000100000000)
  region size 1024K, 14 young (14336K), 2 survivors (2048K)
 Metaspace       used 17072K, committed 17408K, reserved 1114112K
  class space    used 1757K, committed 1920K, reserved 1048576K
}
Event: 4.901 GC heap after
{Heap after GC invocations=2 (full 0):
 garbage-first heap   total 131072K, used 13555K [0x0000000080400000, 0x0000000100000000)
  region size 1024K, 2 young (2048K), 2 survivors (2048K)
 Metaspace       used 17072K, committed 17408K, reserved 1114112K
  class space    used 1757K, committed 1920K, reserved 1048576K
}
Event: 10.800 GC heap before
{Heap before GC invocations=2 (full 0):
 garbage-first heap   total 131072K, used 28915K [0x0000000080400000, 0x0000000100000000)
  region size 1024K, 18 young (18432K), 2 survivors (2048K)
 Metaspace       used 21250K, committed 21504K, reserved 1114112K
  class space    used 2310K, committed 2432K, reserved 1048576K
}
Event: 10.806 GC heap after
{Heap after GC invocations=3 (full 0):
 garbage-first heap   total 131072K, used 15155K [0x0000000080400000, 0x0000000100000000)
  region size 1024K, 2 young (2048K), 2 survivors (2048K)
 Metaspace       used 21250K, committed 21504K, reserved 1114112K
  class space    used 2310K, committed 2432K, reserved 1048576K
}

Dll operation events (6 events):
Event: 0.028 Loaded shared library C:\Users\sony\.p2\pool\plugins\org.eclipse.justj.openjdk.hotspot.jre.full.win32.x86_64_17.0.8.v20230831-1047\jre\bin\java.dll
Event: 0.479 Loaded shared library C:\Users\sony\.p2\pool\plugins\org.eclipse.justj.openjdk.hotspot.jre.full.win32.x86_64_17.0.8.v20230831-1047\jre\bin\net.dll
Event: 0.482 Loaded shared library C:\Users\sony\.p2\pool\plugins\org.eclipse.justj.openjdk.hotspot.jre.full.win32.x86_64_17.0.8.v20230831-1047\jre\bin\nio.dll
Event: 0.576 Loaded shared library C:\Users\sony\.p2\pool\plugins\org.eclipse.justj.openjdk.hotspot.jre.full.win32.x86_64_17.0.8.v20230831-1047\jre\bin\zip.dll
Event: 0.900 Loaded shared library C:\Users\sony\.p2\pool\plugins\org.eclipse.justj.openjdk.hotspot.jre.full.win32.x86_64_17.0.8.v20230831-1047\jre\bin\jimage.dll
Event: 4.189 Loaded shared library C:\Users\sony\.p2\pool\plugins\org.eclipse.justj.openjdk.hotspot.jre.full.win32.x86_64_17.0.8.v20230831-1047\jre\bin\sunmscapi.dll

Deoptimization events (20 events):
Event: 5.157 Thread 0x0000026829093220 DEOPT PACKING pc=0x0000026835a69bac sp=0x000000757ebfa3d0
Event: 5.157 Thread 0x0000026829093220 DEOPT UNPACKING pc=0x00000268354b69a3 sp=0x000000757ebfa358 mode 2
Event: 10.214 Thread 0x0000026829093220 Uncommon trap: trap_request=0xffffffde fr.pc=0x0000026835a46628 relative=0x0000000000000408
Event: 10.214 Thread 0x0000026829093220 Uncommon trap: reason=class_check action=maybe_recompile pc=0x0000026835a46628 method=java.util.HashMap.putVal(ILjava/lang/Object;Ljava/lang/Object;ZZ)Ljava/lang/Object; @ 253 c2
Event: 10.214 Thread 0x0000026829093220 DEOPT PACKING pc=0x0000026835a46628 sp=0x000000757ebfe1c0
Event: 10.214 Thread 0x0000026829093220 DEOPT UNPACKING pc=0x00000268354b69a3 sp=0x000000757ebfe150 mode 2
Event: 10.335 Thread 0x0000026829093220 DEOPT PACKING pc=0x000002682e1b07e9 sp=0x000000757ebfd970
Event: 10.335 Thread 0x0000026829093220 DEOPT UNPACKING pc=0x00000268354b7143 sp=0x000000757ebfce80 mode 0
Event: 10.904 Thread 0x0000026829093220 Uncommon trap: trap_request=0xffffff45 fr.pc=0x0000026835a3ccc8 relative=0x0000000000000048
Event: 10.904 Thread 0x0000026829093220 Uncommon trap: reason=unstable_if action=reinterpret pc=0x0000026835a3ccc8 method=java.lang.CharacterData.of(I)Ljava/lang/CharacterData; @ 4 c2
Event: 10.904 Thread 0x0000026829093220 DEOPT PACKING pc=0x0000026835a3ccc8 sp=0x000000757ebfddc0
Event: 10.904 Thread 0x0000026829093220 DEOPT UNPACKING pc=0x00000268354b69a3 sp=0x000000757ebfdd60 mode 2
Event: 70.557 Thread 0x0000026849c142f0 Uncommon trap: trap_request=0xffffff45 fr.pc=0x0000026835a5bb10 relative=0x0000000000000c70
Event: 70.557 Thread 0x0000026849c142f0 Uncommon trap: reason=unstable_if action=reinterpret pc=0x0000026835a5bb10 method=java.util.concurrent.ConcurrentHashMap.putVal(Ljava/lang/Object;Ljava/lang/Object;Z)Ljava/lang/Object; @ 97 c2
Event: 70.558 Thread 0x0000026849c142f0 DEOPT PACKING pc=0x0000026835a5bb10 sp=0x0000007500dfe190
Event: 70.558 Thread 0x0000026849c142f0 DEOPT UNPACKING pc=0x00000268354b69a3 sp=0x0000007500dfe118 mode 2
Event: 70.558 Thread 0x0000026849c142f0 Uncommon trap: trap_request=0xffffff54 fr.pc=0x0000026835a810bc relative=0x000000000000101c
Event: 70.558 Thread 0x0000026849c142f0 Uncommon trap: reason=speculate_null_assert action=make_not_entrant pc=0x0000026835a810bc method=java.lang.invoke.MethodType$ConcurrentWeakInternSet.add(Ljava/lang/Object;)Ljava/lang/Object; @ 47 c2
Event: 70.558 Thread 0x0000026849c142f0 DEOPT PACKING pc=0x0000026835a810bc sp=0x0000007500dfe240
Event: 70.558 Thread 0x0000026849c142f0 DEOPT UNPACKING pc=0x00000268354b69a3 sp=0x0000007500dfe1e8 mode 2

Classes unloaded (0 events):
No events

Classes redefined (0 events):
No events

Internal exceptions (20 events):
Event: 4.588 Thread 0x0000026849c15c40 Exception <a 'java/net/SocketException'{0x0000000087831fe0}: Socket is not connected: shutdown> (0x0000000087831fe0) 
thrown [s\src\hotspot\share\prims\jni.cpp, line 535]
Event: 4.610 Thread 0x0000026849c15c40 Exception <a 'java/net/ConnectException'{0x0000000087832fd8}: Connection refused: no further information> (0x0000000087832fd8) 
thrown [s\src\hotspot\share\prims\jni.cpp, line 535]
Event: 4.611 Thread 0x0000026849c15c40 Exception <a 'java/net/SocketException'{0x0000000087833310}: Socket is not connected: shutdown> (0x0000000087833310) 
thrown [s\src\hotspot\share\prims\jni.cpp, line 535]
Event: 4.642 Thread 0x0000026849c15c40 Exception <a 'java/net/ConnectException'{0x0000000087834238}: Connection refused: no further information> (0x0000000087834238) 
thrown [s\src\hotspot\share\prims\jni.cpp, line 535]
Event: 4.642 Thread 0x0000026849c15c40 Exception <a 'java/net/SocketException'{0x0000000087834570}: Socket is not connected: shutdown> (0x0000000087834570) 
thrown [s\src\hotspot\share\prims\jni.cpp, line 535]
Event: 4.705 Thread 0x0000026849c15c40 Exception <a 'java/net/ConnectException'{0x0000000087835498}: Connection refused: no further information> (0x0000000087835498) 
thrown [s\src\hotspot\share\prims\jni.cpp, line 535]
Event: 4.705 Thread 0x0000026849c15c40 Exception <a 'java/net/SocketException'{0x00000000878357d0}: Socket is not connected: shutdown> (0x00000000878357d0) 
thrown [s\src\hotspot\share\prims\jni.cpp, line 535]
Event: 4.928 Thread 0x0000026829093220 Exception <a 'java/lang/NoSuchMethodError'{0x0000000088387df8}: 'java.lang.Object java.lang.invoke.DirectMethodHandle$Holder.newInvokeSpecial(java.lang.Object, java.lang.Object, int, int)'> (0x0000000088387df8) 
thrown [s\src\hotspot\share\interpreter\linkResolver.cpp, line 759]
Event: 4.936 Thread 0x0000026829093220 Exception <a 'java/lang/NoSuchMethodError'{0x0000000088392c38}: 'void java.lang.invoke.DirectMethodHandle$Holder.invokeStatic(java.lang.Object, java.lang.Object, int)'> (0x0000000088392c38) 
thrown [s\src\hotspot\share\interpreter\linkResolver.cpp, line 759]
Event: 5.000 Thread 0x0000026829093220 Exception <a 'java/lang/NoSuchMethodError'{0x0000000088282fa0}: 'java.lang.Object java.lang.invoke.DirectMethodHandle$Holder.newInvokeSpecial(java.lang.Object, java.lang.Object, java.lang.Object, java.lang.Object, java.lang.Object)'> (0x0000000088282fa0) 
thrown [s\src\hotspot\share\interpreter\linkResolver.cpp, line 759]
Event: 5.138 Thread 0x0000026829093220 Exception <a 'java/lang/NoSuchMethodError'{0x00000000880b8b08}: 'void java.lang.invoke.DirectMethodHandle$Holder.invokeSpecial(java.lang.Object, java.lang.Object, java.lang.Object)'> (0x00000000880b8b08) 
thrown [s\src\hotspot\share\interpreter\linkResolver.cpp, line 759]
Event: 5.236 Thread 0x0000026849c17080 Exception <a 'java/lang/NoSuchMethodError'{0x0000000087ec1278}: 'java.lang.Object java.lang.invoke.DirectMethodHandle$Holder.invokeSpecial(java.lang.Object, java.lang.Object, java.lang.Object, java.lang.Object, int)'> (0x0000000087ec1278) 
thrown [s\src\hotspot\share\interpreter\linkResolver.cpp, line 759]
Event: 5.237 Thread 0x0000026849c17080 Exception <a 'java/lang/NoSuchMethodError'{0x0000000087ec4e40}: 'java.lang.Object java.lang.invoke.Invokers$Holder.linkToTargetMethod(java.lang.Object, java.lang.Object, int, java.lang.Object)'> (0x0000000087ec4e40) 
thrown [s\src\hotspot\share\interpreter\linkResolver.cpp, line 759]
Event: 5.304 Thread 0x0000026849c17080 Exception <a 'java/lang/NoSuchMethodError'{0x0000000087c12bc8}: 'void java.lang.invoke.DirectMethodHandle$Holder.invokeSpecial(java.lang.Object, java.lang.Object, java.lang.Object, java.lang.Object, java.lang.Object)'> (0x0000000087c12bc8) 
thrown [s\src\hotspot\share\interpreter\linkResolver.cpp, line 759]
Event: 9.920 Thread 0x0000026849c17080 Exception <a 'java/lang/NoSuchMethodError'{0x0000000087bd87a0}: 'void java.lang.invoke.DirectMethodHandle$Holder.invokeSpecial(java.lang.Object, java.lang.Object, java.lang.Object, java.lang.Object, java.lang.Object, java.lang.Object, java.lang.Object)'> (0x0000000087bd87a0) 
thrown [s\src\hotspot\share\interpreter\linkResolver.cpp, line 759]
Event: 10.190 Thread 0x0000026829093220 Exception <a 'java/lang/NoSuchMethodError'{0x0000000087991088}: 'java.lang.Object java.lang.invoke.DirectMethodHandle$Holder.invokeSpecialIFC(java.lang.Object, java.lang.Object, java.lang.Object)'> (0x0000000087991088) 
thrown [s\src\hotspot\share\interpreter\linkResolver.cpp, line 759]
Event: 10.767 Thread 0x0000026829093220 Exception <a 'java/lang/NoSuchMethodError'{0x000000008720a5e8}: 'java.lang.Object java.lang.invoke.DirectMethodHandle$Holder.invokeStatic(java.lang.Object, int, java.lang.Object)'> (0x000000008720a5e8) 
thrown [s\src\hotspot\share\interpreter\linkResolver.cpp, line 759]
Event: 10.923 Thread 0x0000026829093220 Exception <a 'java/lang/ClassNotFoundException'{0x00000000883ea4d0}: sun/util/logging/resources/spi/loggingProvider> (0x00000000883ea4d0) 
thrown [s\src\hotspot\share\classfile\systemDictionary.cpp, line 256]
Event: 25.800 Thread 0x0000026829093220 Exception <a 'java/lang/NoSuchMethodError'{0x000000008387cae0}: 'java.lang.Object java.lang.invoke.Invokers$Holder.invokeExact_MT(java.lang.Object, java.lang.Object, java.lang.Object, java.lang.Object, java.lang.Object, java.lang.Object)'> (0x000000008387cae0) 
thrown [s\src\hotspot\share\interpreter\linkResolver.cpp, line 759]
Event: 25.808 Thread 0x0000026829093220 Exception <a 'java/lang/ClassNotFoundException'{0x0000000083897718}: sun/misc/SharedSecrets> (0x0000000083897718) 
thrown [s\src\hotspot\share\classfile\systemDictionary.cpp, line 256]

VM Operations (20 events):
Event: 10.736 Executing VM operation: Cleanup
Event: 10.736 Executing VM operation: Cleanup done
Event: 10.800 Executing VM operation: CollectForMetadataAllocation
Event: 10.806 Executing VM operation: CollectForMetadataAllocation done
Event: 10.821 Executing VM operation: G1PauseRemark
Event: 10.829 Executing VM operation: G1PauseRemark done
Event: 10.838 Executing VM operation: G1PauseCleanup
Event: 10.858 Executing VM operation: G1PauseCleanup done
Event: 10.906 Executing VM operation: HandshakeAllThreads
Event: 10.906 Executing VM operation: HandshakeAllThreads done
Event: 11.906 Executing VM operation: Cleanup
Event: 11.906 Executing VM operation: Cleanup done
Event: 20.986 Executing VM operation: Cleanup
Event: 20.987 Executing VM operation: Cleanup done
Event: 26.035 Executing VM operation: Cleanup
Event: 26.035 Executing VM operation: Cleanup done
Event: 60.233 Executing VM operation: HandshakeAllThreads
Event: 60.233 Executing VM operation: HandshakeAllThreads done
Event: 65.268 Executing VM operation: Cleanup
Event: 65.268 Executing VM operation: Cleanup done

Events (20 events):
Event: 25.853 loading class java/lang/Throwable$PrintStreamOrWriter done
Event: 25.853 loading class java/lang/Throwable$WrappedPrintStream done
Event: 25.855 loading class java/util/concurrent/ConcurrentHashMap$EntrySpliterator
Event: 25.856 loading class java/util/concurrent/ConcurrentHashMap$EntrySpliterator done
Event: 25.858 loading class java/lang/StackTraceElement$HashedModules
Event: 25.858 loading class java/lang/StackTraceElement$HashedModules done
Event: 25.869 loading class java/util/IdentityHashMap$KeyIterator
Event: 25.869 loading class java/util/IdentityHashMap$IdentityHashMapIterator
Event: 25.869 loading class java/util/IdentityHashMap$IdentityHashMapIterator done
Event: 25.869 loading class java/util/IdentityHashMap$KeyIterator done
Event: 25.870 Thread 0x0000026829093220 Thread exited: 0x0000026829093220
Event: 25.870 Thread 0x0000026849c16660 Thread added: 0x0000026849c16660
Event: 64.832 Thread 0x0000026849c15c40 Thread exited: 0x0000026849c15c40
Event: 70.558 Thread 0x0000026849c15220 Thread exited: 0x0000026849c15220
Event: 70.558 Thread 0x0000026849c142f0 Thread exited: 0x0000026849c142f0
Event: 70.589 Thread 0x0000026849c14d10 Thread exited: 0x0000026849c14d10
Event: 85.696 Thread 0x0000026849c16b70 Thread exited: 0x0000026849c16b70
Event: 85.804 Thread 0x0000026849c17590 Thread exited: 0x0000026849c17590
Event: 85.805 Thread 0x0000026849c17080 Thread exited: 0x0000026849c17080
Event: 85.805 Thread 0x000002684925d4e0 Thread exited: 0x000002684925d4e0


Dynamic libraries:
0x00007ff7b3bf0000 - 0x00007ff7b3bfe000 	C:\Users\sony\.p2\pool\plugins\org.eclipse.justj.openjdk.hotspot.jre.full.win32.x86_64_17.0.8.v20230831-1047\jre\bin\javaw.exe
0x00007ff8c9330000 - 0x00007ff8c9528000 	C:\WINDOWS\SYSTEM32\ntdll.dll
0x00007ff8c74c0000 - 0x00007ff8c7582000 	C:\WINDOWS\System32\KERNEL32.DLL
0x00007ff8c69d0000 - 0x00007ff8c6cce000 	C:\WINDOWS\System32\KERNELBASE.dll
0x00007ff8c6cd0000 - 0x00007ff8c6dd0000 	C:\WINDOWS\System32\ucrtbase.dll
0x00007ff8c01c0000 - 0x00007ff8c01d9000 	C:\Users\sony\.p2\pool\plugins\org.eclipse.justj.openjdk.hotspot.jre.full.win32.x86_64_17.0.8.v20230831-1047\jre\bin\VCRUNTIME140.dll
0x00007ff8c1ae0000 - 0x00007ff8c1af7000 	C:\Users\sony\.p2\pool\plugins\org.eclipse.justj.openjdk.hotspot.jre.full.win32.x86_64_17.0.8.v20230831-1047\jre\bin\jli.dll
0x00007ff8c8340000 - 0x00007ff8c84dd000 	C:\WINDOWS\System32\USER32.dll
0x00007ff8c6fd0000 - 0x00007ff8c6ff2000 	C:\WINDOWS\System32\win32u.dll
0x00007ff8c7a80000 - 0x00007ff8c7aab000 	C:\WINDOWS\System32\GDI32.dll
0x00007ff8c6e80000 - 0x00007ff8c6f97000 	C:\WINDOWS\System32\gdi32full.dll
0x00007ff8c70e0000 - 0x00007ff8c717d000 	C:\WINDOWS\System32\msvcp_win.dll
0x00007ff8b5d50000 - 0x00007ff8b5fea000 	C:\WINDOWS\WinSxS\amd64_microsoft.windows.common-controls_6595b64144ccf1df_6.0.19041.4355_none_60b8b9eb71f62e16\COMCTL32.dll
0x00007ff8c84e0000 - 0x00007ff8c857e000 	C:\WINDOWS\System32\msvcrt.dll
0x00007ff8c80d0000 - 0x00007ff8c80ff000 	C:\WINDOWS\System32\IMM32.DLL
0x00007ff8c3030000 - 0x00007ff8c303c000 	C:\Users\sony\.p2\pool\plugins\org.eclipse.justj.openjdk.hotspot.jre.full.win32.x86_64_17.0.8.v20230831-1047\jre\bin\vcruntime140_1.dll
0x00007ff8b3270000 - 0x00007ff8b3301000 	C:\Users\sony\.p2\pool\plugins\org.eclipse.justj.openjdk.hotspot.jre.full.win32.x86_64_17.0.8.v20230831-1047\jre\bin\msvcp140.dll
0x00007ff8897e0000 - 0x00007ff88a42c000 	C:\Users\sony\.p2\pool\plugins\org.eclipse.justj.openjdk.hotspot.jre.full.win32.x86_64_17.0.8.v20230831-1047\jre\bin\server\jvm.dll
0x00007ff8c91a0000 - 0x00007ff8c9252000 	C:\WINDOWS\System32\ADVAPI32.dll
0x00007ff8c8110000 - 0x00007ff8c81b0000 	C:\WINDOWS\System32\sechost.dll
0x00007ff8c8fa0000 - 0x00007ff8c90c3000 	C:\WINDOWS\System32\RPCRT4.dll
0x00007ff8c6fa0000 - 0x00007ff8c6fc7000 	C:\WINDOWS\System32\bcrypt.dll
0x00007ff8c5f60000 - 0x00007ff8c5fab000 	C:\WINDOWS\SYSTEM32\POWRPROF.dll
0x00007ff8b8f20000 - 0x00007ff8b8f29000 	C:\WINDOWS\SYSTEM32\WSOCK32.dll
0x00007ff8c8f30000 - 0x00007ff8c8f9b000 	C:\WINDOWS\System32\WS2_32.dll
0x00007ff8ba920000 - 0x00007ff8ba947000 	C:\WINDOWS\SYSTEM32\WINMM.dll
0x00007ff8bb020000 - 0x00007ff8bb02a000 	C:\WINDOWS\SYSTEM32\VERSION.dll
0x00007ff8c5dd0000 - 0x00007ff8c5de2000 	C:\WINDOWS\SYSTEM32\UMPDC.dll
0x00007ff8c4770000 - 0x00007ff8c4782000 	C:\WINDOWS\SYSTEM32\kernel.appcore.dll
0x00007ff8c2630000 - 0x00007ff8c263a000 	C:\Users\sony\.p2\pool\plugins\org.eclipse.justj.openjdk.hotspot.jre.full.win32.x86_64_17.0.8.v20230831-1047\jre\bin\jimage.dll
0x00007ff8bd9e0000 - 0x00007ff8bdbc4000 	C:\WINDOWS\SYSTEM32\DBGHELP.DLL
0x00007ff8bd700000 - 0x00007ff8bd734000 	C:\WINDOWS\SYSTEM32\dbgcore.DLL
0x00007ff8c7050000 - 0x00007ff8c70d2000 	C:\WINDOWS\System32\bcryptPrimitives.dll
0x00007ff8b16f0000 - 0x00007ff8b1715000 	C:\Users\sony\.p2\pool\plugins\org.eclipse.justj.openjdk.hotspot.jre.full.win32.x86_64_17.0.8.v20230831-1047\jre\bin\java.dll
0x00007ff8c25b0000 - 0x00007ff8c25c8000 	C:\Users\sony\.p2\pool\plugins\org.eclipse.justj.openjdk.hotspot.jre.full.win32.x86_64_17.0.8.v20230831-1047\jre\bin\zip.dll
0x00007ff8c87c0000 - 0x00007ff8c8f2f000 	C:\WINDOWS\System32\SHELL32.dll
0x00007ff8c4a50000 - 0x00007ff8c51f4000 	C:\WINDOWS\SYSTEM32\windows.storage.dll
0x00007ff8c7720000 - 0x00007ff8c7a73000 	C:\WINDOWS\System32\combase.dll
0x00007ff8c6400000 - 0x00007ff8c642e000 	C:\WINDOWS\SYSTEM32\Wldp.dll
0x00007ff8c90d0000 - 0x00007ff8c919d000 	C:\WINDOWS\System32\OLEAUT32.dll
0x00007ff8c8630000 - 0x00007ff8c86dd000 	C:\WINDOWS\System32\SHCORE.dll
0x00007ff8c82e0000 - 0x00007ff8c8335000 	C:\WINDOWS\System32\shlwapi.dll
0x00007ff8c6900000 - 0x00007ff8c6924000 	C:\WINDOWS\SYSTEM32\profapi.dll
0x00007ff8bcf20000 - 0x00007ff8bcf39000 	C:\Users\sony\.p2\pool\plugins\org.eclipse.justj.openjdk.hotspot.jre.full.win32.x86_64_17.0.8.v20230831-1047\jre\bin\net.dll
0x00007ff8c1cb0000 - 0x00007ff8c1dbd000 	C:\WINDOWS\SYSTEM32\WINHTTP.dll
0x00007ff8c6160000 - 0x00007ff8c61ca000 	C:\WINDOWS\system32\mswsock.dll
0x00007ff8b64c0000 - 0x00007ff8b64d5000 	C:\Users\sony\.p2\pool\plugins\org.eclipse.justj.openjdk.hotspot.jre.full.win32.x86_64_17.0.8.v20230831-1047\jre\bin\nio.dll
0x00007ff8c5e30000 - 0x00007ff8c5efa000 	C:\WINDOWS\SYSTEM32\DNSAPI.dll
0x00007ff8c5df0000 - 0x00007ff8c5e2b000 	C:\WINDOWS\SYSTEM32\IPHLPAPI.DLL
0x00007ff8c8100000 - 0x00007ff8c8108000 	C:\WINDOWS\System32\NSI.dll
0x000000006c520000 - 0x000000006c546000 	C:\Program Files\Bonjour\mdnsNSP.dll
0x00007ff8bd5a0000 - 0x00007ff8bd5aa000 	C:\Windows\System32\rasadhlp.dll
0x00007ff8bce70000 - 0x00007ff8bcef0000 	C:\WINDOWS\System32\fwpuclnt.dll
0x00007ff8c6350000 - 0x00007ff8c6368000 	C:\WINDOWS\SYSTEM32\CRYPTSP.dll
0x00007ff8c5a10000 - 0x00007ff8c5a44000 	C:\WINDOWS\system32\rsaenh.dll
0x00007ff8c6880000 - 0x00007ff8c68ae000 	C:\WINDOWS\SYSTEM32\USERENV.dll
0x00007ff8c6370000 - 0x00007ff8c637c000 	C:\WINDOWS\SYSTEM32\CRYPTBASE.dll
0x00007ff8c1700000 - 0x00007ff8c1717000 	C:\WINDOWS\SYSTEM32\dhcpcsvc6.DLL
0x00007ff8c19a0000 - 0x00007ff8c19bd000 	C:\WINDOWS\SYSTEM32\dhcpcsvc.DLL
0x00007ff8c2650000 - 0x00007ff8c265e000 	C:\Users\sony\.p2\pool\plugins\org.eclipse.justj.openjdk.hotspot.jre.full.win32.x86_64_17.0.8.v20230831-1047\jre\bin\sunmscapi.dll
0x00007ff8c71f0000 - 0x00007ff8c734c000 	C:\WINDOWS\System32\CRYPT32.dll
0x00007ff8c6470000 - 0x00007ff8c6497000 	C:\WINDOWS\SYSTEM32\ncrypt.dll
0x00007ff8c6430000 - 0x00007ff8c646b000 	C:\WINDOWS\SYSTEM32\NTASN1.dll
0x00007ff8c1a60000 - 0x00007ff8c1a67000 	C:\WINDOWS\system32\wshunix.dll

dbghelp: loaded successfully - version: 4.0.5 - missing functions: none
symbol engine: initialized successfully - sym options: 0x614 - pdb path: .;C:\Users\sony\.p2\pool\plugins\org.eclipse.justj.openjdk.hotspot.jre.full.win32.x86_64_17.0.8.v20230831-1047\jre\bin;C:\WINDOWS\SYSTEM32;C:\WINDOWS\WinSxS\amd64_microsoft.windows.common-controls_6595b64144ccf1df_6.0.19041.4355_none_60b8b9eb71f62e16;C:\Users\sony\.p2\pool\plugins\org.eclipse.justj.openjdk.hotspot.jre.full.win32.x86_64_17.0.8.v20230831-1047\jre\bin\server;C:\Program Files\Bonjour

VM Arguments:
jvm_args: -Dfile.encoding=UTF-8 -Dstdout.encoding=UTF-8 -Dstderr.encoding=UTF-8 -XX:+ShowCodeDetailsInExceptionMessages 
java_command: xpath.HoverOver_Assignment2
java_class_path (initial): C:\Users\sony\eclipse-workspace\SeleniumStarted\bin;C:\Users\sony\Downloads\selenium-server-4.16.1 (1).jar;C:\Users\sony\Downloads\poi-bin-5.2.3-20220909\poi-bin-5.2.3\poi-5.2.3.jar;C:\Users\sony\Downloads\poi-bin-5.2.3-20220909\poi-bin-5.2.3\poi-examples-5.2.3.jar;C:\Users\sony\Downloads\poi-bin-5.2.3-20220909\poi-bin-5.2.3\poi-excelant-5.2.3.jar;C:\Users\sony\Downloads\poi-bin-5.2.3-20220909\poi-bin-5.2.3\poi-javadoc-5.2.3.jar;C:\Users\sony\Downloads\poi-bin-5.2.3-20220909\poi-bin-5.2.3\poi-ooxml-5.2.3.jar;C:\Users\sony\Downloads\poi-bin-5.2.3-20220909\poi-bin-5.2.3\poi-ooxml-full-5.2.3.jar;C:\Users\sony\Downloads\poi-bin-5.2.3-20220909\poi-bin-5.2.3\poi-ooxml-lite-5.2.3.jar;C:\Users\sony\Downloads\poi-bin-5.2.3-20220909\poi-bin-5.2.3\poi-scratchpad-5.2.3.jar;C:\Users\sony\Downloads\poi-bin-5.2.3-20220909\poi-bin-5.2.3\auxiliary\batik-anim-1.14.jar;C:\Users\sony\Downloads\poi-bin-5.2.3-20220909\poi-bin-5.2.3\auxiliary\batik-awt-util-1.14.jar;C:\Users\sony\Downloads\poi-bin-5.2.3-20220909\poi-bin-5.2.3\auxiliary\batik-bridge-1.14.jar;C:\Users\sony\Downloads\poi-bin-5.2.3-20220909\poi-bin-5.2.3\auxiliary\batik-codec-1.14.jar;C:\Users\sony\Downloads\poi-bin-5.2.3-20220909\poi-bin-5.2.3\auxiliary\batik-constants-1.14.jar;C:\Users\sony\Downloads\poi-bin-5.2.3-20220909\poi-bin-5.2.3\auxiliary\batik-css-1.14.jar;C:\Users\sony\Downloads\poi-bin-5.2.3-20220909\poi-bin-5.2.3\auxiliary\batik-dom-1.14.jar;C:\Users\sony\Downloads\poi-bin-5.2.3-20220909\poi-bin-5.2.3\auxiliary\batik-ext-1.14.jar;C:\Users\sony\Downloads\poi-bin-5.2.3-20220909\poi-bin-5.2.3\auxiliary\batik-gvt-1.14.jar;C:\Users\sony\Downloads\poi-bin-5.2.3-20220909\poi-bin-5.2.3\auxiliary\batik-i18n-1.14.jar;C:\Users\sony\Downloads\poi-bin-5.2.3-20220909\poi-bin-5.2.3\auxiliary\batik-parser-1.14.jar;C:\Users\sony\Downloads\poi-bin-5.2.3-20220909\poi-bin-5.2.3\auxiliary\batik-script-1.14.jar;C:\Users\sony\Downloads\poi-bin-5.2.3-20220909\poi-bin-5.2.3\auxiliary\batik-shared-resources-1
Launcher Type: SUN_STANDARD

[Global flags]
     intx CICompilerCount                          = 3                                         {product} {ergonomic}
     uint ConcGCThreads                            = 1                                         {product} {ergonomic}
     uint G1ConcRefinementThreads                  = 4                                         {product} {ergonomic}
   size_t G1HeapRegionSize                         = 1048576                                   {product} {ergonomic}
    uintx GCDrainStackTargetSize                   = 64                                        {product} {ergonomic}
   size_t InitialHeapSize                          = 134217728                                 {product} {ergonomic}
   size_t MarkStackSize                            = 4194304                                   {product} {ergonomic}
   size_t MaxHeapSize                              = 2143289344                                {product} {ergonomic}
   size_t MaxNewSize                               = 1285554176                                {product} {ergonomic}
   size_t MinHeapDeltaBytes                        = 1048576                                   {product} {ergonomic}
   size_t MinHeapSize                              = 8388608                                   {product} {ergonomic}
    uintx NonNMethodCodeHeapSize                   = 5832780                                {pd product} {ergonomic}
    uintx NonProfiledCodeHeapSize                  = 122912730                              {pd product} {ergonomic}
    uintx ProfiledCodeHeapSize                     = 122912730                              {pd product} {ergonomic}
    uintx ReservedCodeCacheSize                    = 251658240                              {pd product} {ergonomic}
     bool SegmentedCodeCache                       = true                                      {product} {ergonomic}
     bool ShowCodeDetailsInExceptionMessages       = true                                   {manageable} {command line}
   size_t SoftMaxHeapSize                          = 2143289344                             {manageable} {ergonomic}
     bool UseCompressedClassPointers               = true                           {product lp64_product} {ergonomic}
     bool UseCompressedOops                        = true                           {product lp64_product} {ergonomic}
     bool UseG1GC                                  = true                                      {product} {ergonomic}
     bool UseLargePagesIndividualAllocation        = false                                  {pd product} {ergonomic}

Logging:
Log output configuration:
 #0: stdout all=warning uptime,level,tags
 #1: stderr all=off uptime,level,tags

Environment Variables:
PATH=C:/Users/sony/.p2/pool/plugins/org.eclipse.justj.openjdk.hotspot.jre.full.win32.x86_64_17.0.8.v20230831-1047/jre/bin/server;C:/Users/sony/.p2/pool/plugins/org.eclipse.justj.openjdk.hotspot.jre.full.win32.x86_64_17.0.8.v20230831-1047/jre/bin;C:\WINDOWS\system32;C:\WINDOWS;C:\WINDOWS\System32\Wbem;C:\WINDOWS\System32\WindowsPowerShell\v1.0\;C:\WINDOWS\System32\OpenSSH\;C:\Users\sony\AppData\Local\Microsoft\WindowsApps;;C:\Users\sony\Desktop;
USERNAME=sony
OS=Windows_NT
PROCESSOR_IDENTIFIER=Intel64 Family 6 Model 42 Stepping 7, GenuineIntel
TMP=C:\Users\sony\AppData\Local\Temp
TEMP=C:\Users\sony\AppData\Local\Temp



---------------  S Y S T E M  ---------------

OS:
 Windows 10 , 64 bit Build 19041 (10.0.19041.4957)
OS uptime: 7 days 17:49 hours

CPU: total 4 (initial active 4) (2 cores per cpu, 2 threads per core) family 6 model 42 stepping 7 microcode 0x2f, cx8, cmov, fxsr, ht, mmx, sse, sse2, sse3, ssse3, sse4.1, sse4.2, popcnt, tsc, tscinvbit, avx, clmul, vzeroupper, clflush
Processor Information for all 4 processors :
  Max Mhz: 2200, Current Mhz: 1400, Mhz Limit: 2200

Memory: 4k page, system-wide physical 8173M (748M free)
TotalPageFile size 20973M (AvailPageFile size 5M)
current process WorkingSet (physical memory assigned to process): 82M, peak: 113M
current process commit charge ("private bytes"): 148M, peak: 241M

vm_info: OpenJDK 64-Bit Server VM (17.0.8.1+1) for windows-amd64 JRE (17.0.8.1+1), built on Aug 23 2023 15:29:17 by "admin" with MS VC++ 16.7 (VS2019)

END.
